20231015	00:04:36	a3ae25ca-b831-44fd-bfe6-f42ad8b2618e	SyntaxError: Expected double-quoted property name in JSON at position 49	POST	/users	undefined
20231015	00:08:33	efcb39fb-cc6b-4bd5-9821-c6f2b6849cda	CastError: Cast to ObjectId failed for value "652ade9271bc4181905d226077" (type string) at path "_id" for model "User"	PATCH	/users	undefined
20231015	00:09:39	fa15f9d1-e2bb-42d0-bd87-9d1da29cb77a	CastError: Cast to ObjectId failed for value "652ade9271bc4181905d226077" (type string) at path "_id" for model "User"	PATCH	/users	undefined
20231015	00:09:55	40f20d49-55c9-493e-8bc2-7413293a8cd1	CastError: Cast to ObjectId failed for value "652ade9271bc4181905d607" (type string) at path "_id" for model "User"	PATCH	/users	undefined
20231015	00:10:18	080a4969-a454-4a75-b810-d17c97f135a0	TypeError: User.findOne(...).exec(...).lean is not a function	PATCH	/users	undefined
20231015	00:19:26	15c21764-598e-48c8-85ac-d47fb5635d47	CastError: Cast to ObjectId failed for value "652ade9271bc4181905d607" (type string) at path "_id" for model "User"	PATCH	/users	undefined
20231015	12:24:17	85e438bb-5ad7-4735-96bb-0ac383e8471d	CastError: Cast to ObjectId failed for value "652ade9271bc4181905d607" (type string) at path "_id" for model "User"	PATCH	/users	undefined
20231015	12:25:08	9cf0bbfd-2b6d-4729-b1a7-ecb92c7f4875	CastError: Cast to ObjectId failed for value "652ade9271bc4181905d607" (type string) at path "_id" for model "User"	PATCH	/users	undefined
20231015	12:28:54	4744e4c6-1547-48e6-9922-bc50b3bf7cbf	CastError: Cast to ObjectId failed for value "652ade9271bc4181905d607" (type string) at path "_id" for model "User"	PATCH	/users	undefined
20231015	12:30:25	ccee4cee-c5ef-4882-8295-ded43b671cba	CastError: Cast to ObjectId failed for value "652ade9271bc4181905d607" (type string) at path "_id" for model "User"	PATCH	/users	undefined
20231015	12:35:08	6ba9b72d-3bc6-4406-b05f-a696146cfb1f	CastError: Cast to ObjectId failed for value "652ade9271bc4181905d60771" (type string) at path "_id" for model "User"	PATCH	/users	undefined
20231015	12:35:14	49546d80-c744-4189-bbdf-e8cfbd628285	CastError: Cast to ObjectId failed for value "652ade9271bc4181905d607" (type string) at path "_id" for model "User"	PATCH	/users	undefined
20231015	12:53:33	675397f4-f4d1-4dcd-92d0-1b1913f84be8	SyntaxError: Expected ',' or '}' after property value in JSON at position 107	POST	/users	undefined
20231016	12:06:09	64d05b0d-3473-4d97-be19-63ce0a5dee8b	SyntaxError: Expected double-quoted property name in JSON at position 93	POST	/notes	undefined
20231016	12:15:39	93764a81-47f8-4761-a375-79a15337c16f	SyntaxError: Expected ',' or ']' after array element in JSON at position 337	PATCH	/notes	undefined
20231016	12:15:56	d4d71527-8d34-46eb-b434-1684702cdfaa	SyntaxError: Expected ',' or ']' after array element in JSON at position 319	PATCH	/notes	undefined
20231018	13:31:22	46f11be3-e126-4f04-a34b-adb5dfecacff	MongooseServerSelectionError: Could not connect to any servers in your MongoDB Atlas cluster. One common reason is that you're trying to access the database from an IP that isn't whitelisted. Make sure your current IP address is on your Atlas cluster's IP whitelist: https://docs.atlas.mongodb.com/security-whitelist/	POST	/auth	http://localhost:3000
20231018	13:31:32	6ed6cea1-fec0-4c1c-b30b-c9372c5ae9ef	MongooseServerSelectionError: Could not connect to any servers in your MongoDB Atlas cluster. One common reason is that you're trying to access the database from an IP that isn't whitelisted. Make sure your current IP address is on your Atlas cluster's IP whitelist: https://docs.atlas.mongodb.com/security-whitelist/	POST	/auth	http://localhost:3000
20231018	13:31:47	a767e065-f3c3-4b66-bc12-afa3f45a354c	Error: Not allowed by CORS	POST	/auth	null
20231018	13:31:56	54144f3f-78cc-4a86-b40e-5bdfb7fd6e99	Error: Not allowed by CORS	POST	/auth	null
20231018	13:31:58	ebd0e27c-eda2-469c-b226-b7671e299f6f	MongooseServerSelectionError: Could not connect to any servers in your MongoDB Atlas cluster. One common reason is that you're trying to access the database from an IP that isn't whitelisted. Make sure your current IP address is on your Atlas cluster's IP whitelist: https://docs.atlas.mongodb.com/security-whitelist/	POST	/auth	http://localhost:3000
20231018	13:32:35	c69a87ba-18db-4f60-b549-f538f05a8bba	Error: Not allowed by CORS	POST	/auth	null
20231018	13:32:50	05103cad-001e-4d65-b905-e7ddb8b32588	MongooseServerSelectionError: Could not connect to any servers in your MongoDB Atlas cluster. One common reason is that you're trying to access the database from an IP that isn't whitelisted. Make sure your current IP address is on your Atlas cluster's IP whitelist: https://docs.atlas.mongodb.com/security-whitelist/	POST	/auth	http://localhost:3000
20231018	13:33:02	1cefd5cf-61ac-4301-9fd4-72e57541f234	MongooseServerSelectionError: Could not connect to any servers in your MongoDB Atlas cluster. One common reason is that you're trying to access the database from an IP that isn't whitelisted. Make sure your current IP address is on your Atlas cluster's IP whitelist: https://docs.atlas.mongodb.com/security-whitelist/	POST	/auth	http://localhost:3000
20231018	13:35:15	eb1128de-80a9-4b7a-9e8f-ad6d0f806242	MongooseServerSelectionError: Could not connect to any servers in your MongoDB Atlas cluster. One common reason is that you're trying to access the database from an IP that isn't whitelisted. Make sure your current IP address is on your Atlas cluster's IP whitelist: https://docs.atlas.mongodb.com/security-whitelist/	POST	/auth	http://localhost:3000
20231020	10:58:09	1465bb8f-fde5-4dca-94ce-f25ff0c757f9	MongooseServerSelectionError: Could not connect to any servers in your MongoDB Atlas cluster. One common reason is that you're trying to access the database from an IP that isn't whitelisted. Make sure your current IP address is on your Atlas cluster's IP whitelist: https://docs.atlas.mongodb.com/security-whitelist/	POST	/auth	http://localhost:3000
20231020	16:18:21	171e81db-2675-4e0c-9b3d-c582b505497b	MongooseServerSelectionError: Could not connect to any servers in your MongoDB Atlas cluster. One common reason is that you're trying to access the database from an IP that isn't whitelisted. Make sure your current IP address is on your Atlas cluster's IP whitelist: https://docs.atlas.mongodb.com/security-whitelist/	POST	/auth	http://localhost:3000
